<?xml version="1.0" encoding="UTF-8"?><testsuite errors="0" failures="1" name="org.example.features.search.KeyboardSearcherDdt" skipped="0" tests="4" time="45.76" timestamp="2022-05-16 04:35:31"><testcase classname="org.example.features.search.KeyboardSearcherDdt" name="Search for keyboards"><failure message="&#10;Expected: a collection containing a string containing &quot;Invalid keyboard&quot;&#10;     but: " type="java.lang.AssertionError">
Expected: a collection containing a string containing "Invalid keyboard"
     but: </failure><system-err>
Expected: a collection containing a string containing "Invalid keyboard"
     but: 
org.example.steps.serenity.EmagUserSteps.should_see_product_name(EmagUserSteps.java:44)
org.example.features.search.KeyboardSearcherDdt.searchForKeyboards(KeyboardSearcherDdt.java:41)
</system-err></testcase></testsuite>